[2021-12-02 09:24:43] production.ERROR: Class "Laravel\Passport\Passport" not found {"exception":"[object] (Error(code: 0): Class \"Laravel\\Passport\\Passport\" not found at /home/turingcop/patterns4/oauth/app/Providers/AuthServiceProvider.php:30)
[stacktrace]
#0 /home/turingcop/patterns4/oauth/vendor/laravel/framework/src/Illuminate/Container/BoundMethod.php(36): App\\Providers\\AuthServiceProvider->boot()
#1 /home/turingcop/patterns4/oauth/vendor/laravel/framework/src/Illuminate/Container/Util.php(40): Illuminate\\Container\\BoundMethod::Illuminate\\Container\\{closure}()
#2 /home/turingcop/patterns4/oauth/vendor/laravel/framework/src/Illuminate/Container/BoundMethod.php(93): Illuminate\\Container\\Util::unwrapIfClosure()
#3 /home/turingcop/patterns4/oauth/vendor/laravel/framework/src/Illuminate/Container/BoundMethod.php(37): Illuminate\\Container\\BoundMethod::callBoundMethod()
#4 /home/turingcop/patterns4/oauth/vendor/laravel/framework/src/Illuminate/Container/Container.php(653): Illuminate\\Container\\BoundMethod::call()
#5 /home/turingcop/patterns4/oauth/vendor/laravel/framework/src/Illuminate/Foundation/Application.php(914): Illuminate\\Container\\Container->call()
#6 /home/turingcop/patterns4/oauth/vendor/laravel/framework/src/Illuminate/Foundation/Application.php(895): Illuminate\\Foundation\\Application->bootProvider()
#7 [internal function]: Illuminate\\Foundation\\Application->Illuminate\\Foundation\\{closure}()
#8 /home/turingcop/patterns4/oauth/vendor/laravel/framework/src/Illuminate/Foundation/Application.php(896): array_walk()
#9 /home/turingcop/patterns4/oauth/vendor/laravel/framework/src/Illuminate/Foundation/Bootstrap/BootProviders.php(17): Illuminate\\Foundation\\Application->boot()
#10 /home/turingcop/patterns4/oauth/vendor/laravel/framework/src/Illuminate/Foundation/Application.php(237): Illuminate\\Foundation\\Bootstrap\\BootProviders->bootstrap()
#11 /home/turingcop/patterns4/oauth/vendor/laravel/framework/src/Illuminate/Foundation/Console/Kernel.php(310): Illuminate\\Foundation\\Application->bootstrapWith()
#12 /home/turingcop/patterns4/oauth/vendor/laravel/framework/src/Illuminate/Foundation/Console/Kernel.php(127): Illuminate\\Foundation\\Console\\Kernel->bootstrap()
#13 /home/turingcop/patterns4/oauth/artisan(37): Illuminate\\Foundation\\Console\\Kernel->handle()
#14 {main}
"} 
[2021-12-13 09:50:44] laravel.EMERGENCY: Unable to create configured logger. Using emergency logger. {"exception":"[object] (InvalidArgumentException(code: 0): Log [] is not defined. at /home/turingcop/patterns4/oauth/vendor/laravel/framework/src/Illuminate/Log/LogManager.php:207)
[stacktrace]
#0 /home/turingcop/patterns4/oauth/vendor/laravel/framework/src/Illuminate/Log/LogManager.php(132): Illuminate\\Log\\LogManager->resolve()
#1 /home/turingcop/patterns4/oauth/vendor/laravel/framework/src/Illuminate/Log/LogManager.php(111): Illuminate\\Log\\LogManager->get()
#2 /home/turingcop/patterns4/oauth/vendor/laravel/framework/src/Illuminate/Log/LogManager.php(583): Illuminate\\Log\\LogManager->driver()
#3 /home/turingcop/patterns4/oauth/vendor/laravel/framework/src/Illuminate/Foundation/Exceptions/Handler.php(252): Illuminate\\Log\\LogManager->error()
#4 /home/turingcop/patterns4/oauth/vendor/laravel/framework/src/Illuminate/Foundation/Console/Kernel.php(366): Illuminate\\Foundation\\Exceptions\\Handler->report()
#5 /home/turingcop/patterns4/oauth/vendor/laravel/framework/src/Illuminate/Foundation/Console/Kernel.php(131): Illuminate\\Foundation\\Console\\Kernel->reportException()
#6 /home/turingcop/patterns4/oauth/artisan(37): Illuminate\\Foundation\\Console\\Kernel->handle()
#7 {main}
"} 
[2021-12-13 09:50:44] laravel.ERROR: Class "Laravel\Fortify\Features" not found {"exception":"[object] (Error(code: 0): Class \"Laravel\\Fortify\\Features\" not found at /home/turingcop/patterns4/oauth/config/fortify.php:135)
[stacktrace]
#0 /home/turingcop/patterns4/oauth/vendor/laravel/framework/src/Illuminate/Foundation/Bootstrap/LoadConfiguration.php(72): require()
#1 /home/turingcop/patterns4/oauth/vendor/laravel/framework/src/Illuminate/Foundation/Bootstrap/LoadConfiguration.php(39): Illuminate\\Foundation\\Bootstrap\\LoadConfiguration->loadConfigurationFiles()
#2 /home/turingcop/patterns4/oauth/vendor/laravel/framework/src/Illuminate/Foundation/Application.php(237): Illuminate\\Foundation\\Bootstrap\\LoadConfiguration->bootstrap()
#3 /home/turingcop/patterns4/oauth/vendor/laravel/framework/src/Illuminate/Foundation/Console/Kernel.php(310): Illuminate\\Foundation\\Application->bootstrapWith()
#4 /home/turingcop/patterns4/oauth/vendor/laravel/framework/src/Illuminate/Foundation/Console/Kernel.php(127): Illuminate\\Foundation\\Console\\Kernel->bootstrap()
#5 /home/turingcop/patterns4/oauth/artisan(37): Illuminate\\Foundation\\Console\\Kernel->handle()
#6 {main}
"} 
[2021-12-13 09:50:52] laravel.EMERGENCY: Unable to create configured logger. Using emergency logger. {"exception":"[object] (InvalidArgumentException(code: 0): Log [] is not defined. at /home/turingcop/patterns4/oauth/vendor/laravel/framework/src/Illuminate/Log/LogManager.php:207)
[stacktrace]
#0 /home/turingcop/patterns4/oauth/vendor/laravel/framework/src/Illuminate/Log/LogManager.php(132): Illuminate\\Log\\LogManager->resolve()
#1 /home/turingcop/patterns4/oauth/vendor/laravel/framework/src/Illuminate/Log/LogManager.php(111): Illuminate\\Log\\LogManager->get()
#2 /home/turingcop/patterns4/oauth/vendor/laravel/framework/src/Illuminate/Log/LogManager.php(583): Illuminate\\Log\\LogManager->driver()
#3 /home/turingcop/patterns4/oauth/vendor/laravel/framework/src/Illuminate/Foundation/Exceptions/Handler.php(252): Illuminate\\Log\\LogManager->error()
#4 /home/turingcop/patterns4/oauth/vendor/laravel/framework/src/Illuminate/Foundation/Console/Kernel.php(366): Illuminate\\Foundation\\Exceptions\\Handler->report()
#5 /home/turingcop/patterns4/oauth/vendor/laravel/framework/src/Illuminate/Foundation/Console/Kernel.php(131): Illuminate\\Foundation\\Console\\Kernel->reportException()
#6 /home/turingcop/patterns4/oauth/artisan(37): Illuminate\\Foundation\\Console\\Kernel->handle()
#7 {main}
"} 
[2021-12-13 09:50:52] laravel.ERROR: Class "Laravel\Fortify\Features" not found {"exception":"[object] (Error(code: 0): Class \"Laravel\\Fortify\\Features\" not found at /home/turingcop/patterns4/oauth/config/fortify.php:135)
[stacktrace]
#0 /home/turingcop/patterns4/oauth/vendor/laravel/framework/src/Illuminate/Foundation/Bootstrap/LoadConfiguration.php(72): require()
#1 /home/turingcop/patterns4/oauth/vendor/laravel/framework/src/Illuminate/Foundation/Bootstrap/LoadConfiguration.php(39): Illuminate\\Foundation\\Bootstrap\\LoadConfiguration->loadConfigurationFiles()
#2 /home/turingcop/patterns4/oauth/vendor/laravel/framework/src/Illuminate/Foundation/Application.php(237): Illuminate\\Foundation\\Bootstrap\\LoadConfiguration->bootstrap()
#3 /home/turingcop/patterns4/oauth/vendor/laravel/framework/src/Illuminate/Foundation/Console/Kernel.php(310): Illuminate\\Foundation\\Application->bootstrapWith()
#4 /home/turingcop/patterns4/oauth/vendor/laravel/framework/src/Illuminate/Foundation/Console/Kernel.php(127): Illuminate\\Foundation\\Console\\Kernel->bootstrap()
#5 /home/turingcop/patterns4/oauth/artisan(37): Illuminate\\Foundation\\Console\\Kernel->handle()
#6 {main}
"} 
[2021-12-13 09:52:11] laravel.EMERGENCY: Unable to create configured logger. Using emergency logger. {"exception":"[object] (InvalidArgumentException(code: 0): Log [] is not defined. at /home/turingcop/patterns4/oauth/vendor/laravel/framework/src/Illuminate/Log/LogManager.php:207)
[stacktrace]
#0 /home/turingcop/patterns4/oauth/vendor/laravel/framework/src/Illuminate/Log/LogManager.php(132): Illuminate\\Log\\LogManager->resolve()
#1 /home/turingcop/patterns4/oauth/vendor/laravel/framework/src/Illuminate/Log/LogManager.php(111): Illuminate\\Log\\LogManager->get()
#2 /home/turingcop/patterns4/oauth/vendor/laravel/framework/src/Illuminate/Log/LogManager.php(583): Illuminate\\Log\\LogManager->driver()
#3 /home/turingcop/patterns4/oauth/vendor/laravel/framework/src/Illuminate/Foundation/Exceptions/Handler.php(252): Illuminate\\Log\\LogManager->error()
#4 /home/turingcop/patterns4/oauth/vendor/laravel/framework/src/Illuminate/Foundation/Console/Kernel.php(366): Illuminate\\Foundation\\Exceptions\\Handler->report()
#5 /home/turingcop/patterns4/oauth/vendor/laravel/framework/src/Illuminate/Foundation/Console/Kernel.php(131): Illuminate\\Foundation\\Console\\Kernel->reportException()
#6 /home/turingcop/patterns4/oauth/artisan(37): Illuminate\\Foundation\\Console\\Kernel->handle()
#7 {main}
"} 
[2021-12-13 09:52:11] laravel.ERROR: Class "Laravel\Fortify\Features" not found {"exception":"[object] (Error(code: 0): Class \"Laravel\\Fortify\\Features\" not found at /home/turingcop/patterns4/oauth/config/fortify.php:135)
[stacktrace]
#0 /home/turingcop/patterns4/oauth/vendor/laravel/framework/src/Illuminate/Foundation/Bootstrap/LoadConfiguration.php(72): require()
#1 /home/turingcop/patterns4/oauth/vendor/laravel/framework/src/Illuminate/Foundation/Bootstrap/LoadConfiguration.php(39): Illuminate\\Foundation\\Bootstrap\\LoadConfiguration->loadConfigurationFiles()
#2 /home/turingcop/patterns4/oauth/vendor/laravel/framework/src/Illuminate/Foundation/Application.php(237): Illuminate\\Foundation\\Bootstrap\\LoadConfiguration->bootstrap()
#3 /home/turingcop/patterns4/oauth/vendor/laravel/framework/src/Illuminate/Foundation/Console/Kernel.php(310): Illuminate\\Foundation\\Application->bootstrapWith()
#4 /home/turingcop/patterns4/oauth/vendor/laravel/framework/src/Illuminate/Foundation/Console/Kernel.php(127): Illuminate\\Foundation\\Console\\Kernel->bootstrap()
#5 /home/turingcop/patterns4/oauth/artisan(37): Illuminate\\Foundation\\Console\\Kernel->handle()
#6 {main}
"} 
[2021-12-13 08:56:49] production.ERROR: SQLSTATE[HY000] [1045] Access denied for user 'forge'@'localhost' (using password: NO) (SQL: SHOW FULL TABLES WHERE table_type = 'BASE TABLE') {"exception":"[object] (Illuminate\\Database\\QueryException(code: 1045): SQLSTATE[HY000] [1045] Access denied for user 'forge'@'localhost' (using password: NO) (SQL: SHOW FULL TABLES WHERE table_type = 'BASE TABLE') at /home/turingcop/patterns4/oauth/vendor/laravel/framework/src/Illuminate/Database/Connection.php:703)
[stacktrace]
#0 /home/turingcop/patterns4/oauth/vendor/laravel/framework/src/Illuminate/Database/Connection.php(663): Illuminate\\Database\\Connection->runQueryCallback()
#1 /home/turingcop/patterns4/oauth/vendor/laravel/framework/src/Illuminate/Database/Connection.php(367): Illuminate\\Database\\Connection->run()
#2 /home/turingcop/patterns4/oauth/vendor/laravel/framework/src/Illuminate/Database/Schema/MySqlBuilder.php(125): Illuminate\\Database\\Connection->select()
#3 /home/turingcop/patterns4/oauth/vendor/laravel/framework/src/Illuminate/Database/Schema/MySqlBuilder.php(74): Illuminate\\Database\\Schema\\MySqlBuilder->getAllTables()
#4 /home/turingcop/patterns4/oauth/vendor/laravel/framework/src/Illuminate/Database/Console/WipeCommand.php(69): Illuminate\\Database\\Schema\\MySqlBuilder->dropAllTables()
#5 /home/turingcop/patterns4/oauth/vendor/laravel/framework/src/Illuminate/Database/Console/WipeCommand.php(46): Illuminate\\Database\\Console\\WipeCommand->dropAllTables()
#6 /home/turingcop/patterns4/oauth/vendor/laravel/framework/src/Illuminate/Container/BoundMethod.php(36): Illuminate\\Database\\Console\\WipeCommand->handle()
#7 /home/turingcop/patterns4/oauth/vendor/laravel/framework/src/Illuminate/Container/Util.php(40): Illuminate\\Container\\BoundMethod::Illuminate\\Container\\{closure}()
#8 /home/turingcop/patterns4/oauth/vendor/laravel/framework/src/Illuminate/Container/BoundMethod.php(93): Illuminate\\Container\\Util::unwrapIfClosure()
#9 /home/turingcop/patterns4/oauth/vendor/laravel/framework/src/Illuminate/Container/BoundMethod.php(37): Illuminate\\Container\\BoundMethod::callBoundMethod()
#10 /home/turingcop/patterns4/oauth/vendor/laravel/framework/src/Illuminate/Container/Container.php(653): Illuminate\\Container\\BoundMethod::call()
#11 /home/turingcop/patterns4/oauth/vendor/laravel/framework/src/Illuminate/Console/Command.php(136): Illuminate\\Container\\Container->call()
#12 /home/turingcop/patterns4/oauth/vendor/symfony/console/Command/Command.php(298): Illuminate\\Console\\Command->execute()
#13 /home/turingcop/patterns4/oauth/vendor/laravel/framework/src/Illuminate/Console/Command.php(121): Symfony\\Component\\Console\\Command\\Command->run()
#14 /home/turingcop/patterns4/oauth/vendor/laravel/framework/src/Illuminate/Console/Concerns/CallsCommands.php(68): Illuminate\\Console\\Command->run()
#15 /home/turingcop/patterns4/oauth/vendor/laravel/framework/src/Illuminate/Console/Concerns/CallsCommands.php(28): Illuminate\\Console\\Command->runCommand()
#16 /home/turingcop/patterns4/oauth/vendor/laravel/framework/src/Illuminate/Database/Console/Migrations/FreshCommand.php(43): Illuminate\\Console\\Command->call()
#17 /home/turingcop/patterns4/oauth/vendor/laravel/framework/src/Illuminate/Container/BoundMethod.php(36): Illuminate\\Database\\Console\\Migrations\\FreshCommand->handle()
#18 /home/turingcop/patterns4/oauth/vendor/laravel/framework/src/Illuminate/Container/Util.php(40): Illuminate\\Container\\BoundMethod::Illuminate\\Container\\{closure}()
#19 /home/turingcop/patterns4/oauth/vendor/laravel/framework/src/Illuminate/Container/BoundMethod.php(93): Illuminate\\Container\\Util::unwrapIfClosure()
#20 /home/turingcop/patterns4/oauth/vendor/laravel/framework/src/Illuminate/Container/BoundMethod.php(37): Illuminate\\Container\\BoundMethod::callBoundMethod()
#21 /home/turingcop/patterns4/oauth/vendor/laravel/framework/src/Illuminate/Container/Container.php(653): Illuminate\\Container\\BoundMethod::call()
#22 /home/turingcop/patterns4/oauth/vendor/laravel/framework/src/Illuminate/Console/Command.php(136): Illuminate\\Container\\Container->call()
#23 /home/turingcop/patterns4/oauth/vendor/symfony/console/Command/Command.php(298): Illuminate\\Console\\Command->execute()
#24 /home/turingcop/patterns4/oauth/vendor/laravel/framework/src/Illuminate/Console/Command.php(121): Symfony\\Component\\Console\\Command\\Command->run()
#25 /home/turingcop/patterns4/oauth/vendor/symfony/console/Application.php(1005): Illuminate\\Console\\Command->run()
#26 /home/turingcop/patterns4/oauth/vendor/symfony/console/Application.php(299): Symfony\\Component\\Console\\Application->doRunCommand()
#27 /home/turingcop/patterns4/oauth/vendor/symfony/console/Application.php(171): Symfony\\Component\\Console\\Application->doRun()
#28 /home/turingcop/patterns4/oauth/vendor/laravel/framework/src/Illuminate/Console/Application.php(94): Symfony\\Component\\Console\\Application->run()
#29 /home/turingcop/patterns4/oauth/vendor/laravel/framework/src/Illuminate/Foundation/Console/Kernel.php(129): Illuminate\\Console\\Application->run()
#30 /home/turingcop/patterns4/oauth/artisan(37): Illuminate\\Foundation\\Console\\Kernel->handle()
#31 {main}

[previous exception] [object] (PDOException(code: 1045): SQLSTATE[HY000] [1045] Access denied for user 'forge'@'localhost' (using password: NO) at /home/turingcop/patterns4/oauth/vendor/laravel/framework/src/Illuminate/Database/Connectors/Connector.php:70)
[stacktrace]
#0 /home/turingcop/patterns4/oauth/vendor/laravel/framework/src/Illuminate/Database/Connectors/Connector.php(70): PDO->__construct()
#1 /home/turingcop/patterns4/oauth/vendor/laravel/framework/src/Illuminate/Database/Connectors/Connector.php(46): Illuminate\\Database\\Connectors\\Connector->createPdoConnection()
#2 /home/turingcop/patterns4/oauth/vendor/laravel/framework/src/Illuminate/Database/Connectors/MySqlConnector.php(24): Illuminate\\Database\\Connectors\\Connector->createConnection()
#3 /home/turingcop/patterns4/oauth/vendor/laravel/framework/src/Illuminate/Database/Connectors/ConnectionFactory.php(184): Illuminate\\Database\\Connectors\\MySqlConnector->connect()
#4 [internal function]: Illuminate\\Database\\Connectors\\ConnectionFactory->Illuminate\\Database\\Connectors\\{closure}()
#5 /home/turingcop/patterns4/oauth/vendor/laravel/framework/src/Illuminate/Database/Connection.php(1021): call_user_func()
#6 /home/turingcop/patterns4/oauth/vendor/laravel/framework/src/Illuminate/Database/Connection.php(1057): Illuminate\\Database\\Connection->getPdo()
#7 /home/turingcop/patterns4/oauth/vendor/laravel/framework/src/Illuminate/Database/Connection.php(433): Illuminate\\Database\\Connection->getReadPdo()
#8 /home/turingcop/patterns4/oauth/vendor/laravel/framework/src/Illuminate/Database/Connection.php(359): Illuminate\\Database\\Connection->getPdoForSelect()
#9 /home/turingcop/patterns4/oauth/vendor/laravel/framework/src/Illuminate/Database/Connection.php(696): Illuminate\\Database\\Connection->Illuminate\\Database\\{closure}()
#10 /home/turingcop/patterns4/oauth/vendor/laravel/framework/src/Illuminate/Database/Connection.php(663): Illuminate\\Database\\Connection->runQueryCallback()
#11 /home/turingcop/patterns4/oauth/vendor/laravel/framework/src/Illuminate/Database/Connection.php(367): Illuminate\\Database\\Connection->run()
#12 /home/turingcop/patterns4/oauth/vendor/laravel/framework/src/Illuminate/Database/Schema/MySqlBuilder.php(125): Illuminate\\Database\\Connection->select()
#13 /home/turingcop/patterns4/oauth/vendor/laravel/framework/src/Illuminate/Database/Schema/MySqlBuilder.php(74): Illuminate\\Database\\Schema\\MySqlBuilder->getAllTables()
#14 /home/turingcop/patterns4/oauth/vendor/laravel/framework/src/Illuminate/Database/Console/WipeCommand.php(69): Illuminate\\Database\\Schema\\MySqlBuilder->dropAllTables()
#15 /home/turingcop/patterns4/oauth/vendor/laravel/framework/src/Illuminate/Database/Console/WipeCommand.php(46): Illuminate\\Database\\Console\\WipeCommand->dropAllTables()
#16 /home/turingcop/patterns4/oauth/vendor/laravel/framework/src/Illuminate/Container/BoundMethod.php(36): Illuminate\\Database\\Console\\WipeCommand->handle()
#17 /home/turingcop/patterns4/oauth/vendor/laravel/framework/src/Illuminate/Container/Util.php(40): Illuminate\\Container\\BoundMethod::Illuminate\\Container\\{closure}()
#18 /home/turingcop/patterns4/oauth/vendor/laravel/framework/src/Illuminate/Container/BoundMethod.php(93): Illuminate\\Container\\Util::unwrapIfClosure()
#19 /home/turingcop/patterns4/oauth/vendor/laravel/framework/src/Illuminate/Container/BoundMethod.php(37): Illuminate\\Container\\BoundMethod::callBoundMethod()
#20 /home/turingcop/patterns4/oauth/vendor/laravel/framework/src/Illuminate/Container/Container.php(653): Illuminate\\Container\\BoundMethod::call()
#21 /home/turingcop/patterns4/oauth/vendor/laravel/framework/src/Illuminate/Console/Command.php(136): Illuminate\\Container\\Container->call()
#22 /home/turingcop/patterns4/oauth/vendor/symfony/console/Command/Command.php(298): Illuminate\\Console\\Command->execute()
#23 /home/turingcop/patterns4/oauth/vendor/laravel/framework/src/Illuminate/Console/Command.php(121): Symfony\\Component\\Console\\Command\\Command->run()
#24 /home/turingcop/patterns4/oauth/vendor/laravel/framework/src/Illuminate/Console/Concerns/CallsCommands.php(68): Illuminate\\Console\\Command->run()
#25 /home/turingcop/patterns4/oauth/vendor/laravel/framework/src/Illuminate/Console/Concerns/CallsCommands.php(28): Illuminate\\Console\\Command->runCommand()
#26 /home/turingcop/patterns4/oauth/vendor/laravel/framework/src/Illuminate/Database/Console/Migrations/FreshCommand.php(43): Illuminate\\Console\\Command->call()
#27 /home/turingcop/patterns4/oauth/vendor/laravel/framework/src/Illuminate/Container/BoundMethod.php(36): Illuminate\\Database\\Console\\Migrations\\FreshCommand->handle()
#28 /home/turingcop/patterns4/oauth/vendor/laravel/framework/src/Illuminate/Container/Util.php(40): Illuminate\\Container\\BoundMethod::Illuminate\\Container\\{closure}()
#29 /home/turingcop/patterns4/oauth/vendor/laravel/framework/src/Illuminate/Container/BoundMethod.php(93): Illuminate\\Container\\Util::unwrapIfClosure()
#30 /home/turingcop/patterns4/oauth/vendor/laravel/framework/src/Illuminate/Container/BoundMethod.php(37): Illuminate\\Container\\BoundMethod::callBoundMethod()
#31 /home/turingcop/patterns4/oauth/vendor/laravel/framework/src/Illuminate/Container/Container.php(653): Illuminate\\Container\\BoundMethod::call()
#32 /home/turingcop/patterns4/oauth/vendor/laravel/framework/src/Illuminate/Console/Command.php(136): Illuminate\\Container\\Container->call()
#33 /home/turingcop/patterns4/oauth/vendor/symfony/console/Command/Command.php(298): Illuminate\\Console\\Command->execute()
#34 /home/turingcop/patterns4/oauth/vendor/laravel/framework/src/Illuminate/Console/Command.php(121): Symfony\\Component\\Console\\Command\\Command->run()
#35 /home/turingcop/patterns4/oauth/vendor/symfony/console/Application.php(1005): Illuminate\\Console\\Command->run()
#36 /home/turingcop/patterns4/oauth/vendor/symfony/console/Application.php(299): Symfony\\Component\\Console\\Application->doRunCommand()
#37 /home/turingcop/patterns4/oauth/vendor/symfony/console/Application.php(171): Symfony\\Component\\Console\\Application->doRun()
#38 /home/turingcop/patterns4/oauth/vendor/laravel/framework/src/Illuminate/Console/Application.php(94): Symfony\\Component\\Console\\Application->run()
#39 /home/turingcop/patterns4/oauth/vendor/laravel/framework/src/Illuminate/Foundation/Console/Kernel.php(129): Illuminate\\Console\\Application->run()
#40 /home/turingcop/patterns4/oauth/artisan(37): Illuminate\\Foundation\\Console\\Kernel->handle()
#41 {main}
"} 
